<?xml version="1.0" encoding="UTF-8"?>
<testng-results total="1" passed="1" failed="0" skipped="0">
  <reporter-output>
  </reporter-output>
  <suite started-at="2018-06-04T02:08:47Z" name="Default suite" finished-at="2018-06-04T02:08:47Z" duration-ms="37">
    <groups>
    </groups>
    <test started-at="2018-06-04T02:08:47Z" name="Default test" finished-at="2018-06-04T02:08:47Z" duration-ms="37">
      <class name="com.learnautomation.selenium.Demo">
        <test-method signature="method1()[pri:0, instance:com.learnautomation.selenium.Demo@217ed35e]" started-at="2018-06-03T22:08:47Z" name="method1" finished-at="2018-06-03T22:08:47Z" duration-ms="15" status="PASS">
          <reporter-output>
          </reporter-output>
        </test-method> <!-- method1 -->
      </class> <!-- com.learnautomation.selenium.Demo -->
    </test> <!-- Default test -->
  </suite> <!-- Default suite -->
</testng-results>
